2026-06-18 00:29:25 [INF]  — Roslyn Bridge escuchando en: http://0.0.0.0:5100
2026-06-18 00:29:25 [INF]  — Swagger UI: http://localhost:5100/swagger (solo en Development)
2026-06-18 00:29:25 [INF] Microsoft.Hosting.Lifetime — Now listening on: http://0.0.0.0:5100
2026-06-18 00:29:25 [INF] Microsoft.Hosting.Lifetime — Application started. Press Ctrl+C to shut down.
2026-06-18 00:29:25 [INF] Microsoft.Hosting.Lifetime — Hosting environment: Production
2026-06-18 00:29:25 [INF] Microsoft.Hosting.Lifetime — Content root path: C:\Users\IsmaelMToalaC\Downloads\SAST-ROBUSTOV2\id-sast-csharp\roslyn_bridge\bin\Release\net8.0\win-x64
2026-06-18 00:29:36 [INF] Microsoft.AspNetCore.Hosting.Diagnostics — Request starting HTTP/1.1 GET http://localhost:5100/health - null null
2026-06-18 00:29:36 [INF] Microsoft.AspNetCore.Routing.EndpointMiddleware — Executing endpoint 'Health checks'
2026-06-18 00:29:36 [INF] Microsoft.AspNetCore.Routing.EndpointMiddleware — Executed endpoint 'Health checks'
2026-06-18 00:29:36 [INF] Serilog.AspNetCore.RequestLoggingMiddleware — HTTP GET /health → 200 en 39ms
2026-06-18 00:29:36 [INF] Microsoft.AspNetCore.Hosting.Diagnostics — Request finished HTTP/1.1 GET http://localhost:5100/health - 200 null application/json; charset=utf-8 163.8517ms
2026-06-18 00:30:16 [INF]  — Roslyn Bridge escuchando en: http://0.0.0.0:5100
2026-06-18 00:30:16 [INF]  — Swagger UI: http://localhost:5100/swagger (solo en Development)
2026-06-18 00:30:16 [INF] Microsoft.Hosting.Lifetime — Now listening on: http://0.0.0.0:5100
2026-06-18 00:30:16 [INF] Microsoft.Hosting.Lifetime — Application started. Press Ctrl+C to shut down.
2026-06-18 00:30:16 [INF] Microsoft.Hosting.Lifetime — Hosting environment: Production
2026-06-18 00:30:16 [INF] Microsoft.Hosting.Lifetime — Content root path: C:\Users\IsmaelMToalaC\Downloads\SAST-ROBUSTOV2\id-sast-csharp\roslyn_bridge\bin\Release\net8.0\win-x64
2026-06-18 00:30:16 [INF] Microsoft.AspNetCore.Hosting.Diagnostics — Request starting HTTP/1.1 GET http://192.168.100.54:5100/health - null null
2026-06-18 00:30:16 [INF] Microsoft.AspNetCore.Routing.EndpointMiddleware — Executing endpoint 'Health checks'
2026-06-18 00:30:16 [INF] Microsoft.AspNetCore.Routing.EndpointMiddleware — Executed endpoint 'Health checks'
2026-06-18 00:31:04 [INF]  — Roslyn Bridge escuchando en: http://0.0.0.0:5100
2026-06-18 00:31:04 [INF]  — Swagger UI: http://localhost:5100/swagger (solo en Development)
2026-06-18 00:31:04 [INF] Microsoft.Hosting.Lifetime — Now listening on: http://0.0.0.0:5100
2026-06-18 00:31:04 [INF] Microsoft.Hosting.Lifetime — Application started. Press Ctrl+C to shut down.
2026-06-18 00:31:04 [INF] Microsoft.Hosting.Lifetime — Hosting environment: Production
2026-06-18 00:31:04 [INF] Microsoft.Hosting.Lifetime — Content root path: C:\Users\IsmaelMToalaC\Downloads\SAST-ROBUSTOV2\id-sast-csharp\roslyn_bridge\bin\Release\net8.0\win-x64
2026-06-18 00:31:05 [INF] Microsoft.AspNetCore.Hosting.Diagnostics — Request starting HTTP/1.1 GET http://localhost:5100/health - null null
2026-06-18 00:31:05 [INF] Microsoft.AspNetCore.Routing.EndpointMiddleware — Executing endpoint 'Health checks'
2026-06-18 00:31:05 [INF] Microsoft.AspNetCore.Routing.EndpointMiddleware — Executed endpoint 'Health checks'
2026-06-18 00:33:10 [INF]  — Roslyn Bridge escuchando en: http://0.0.0.0:5100
2026-06-18 00:33:10 [INF]  — Swagger UI: http://localhost:5100/swagger (solo en Development)
2026-06-18 00:33:10 [INF] Microsoft.Hosting.Lifetime — Now listening on: http://0.0.0.0:5100
2026-06-18 00:33:10 [INF] Microsoft.Hosting.Lifetime — Application started. Press Ctrl+C to shut down.
2026-06-18 00:33:10 [INF] Microsoft.Hosting.Lifetime — Hosting environment: Production
2026-06-18 00:33:10 [INF] Microsoft.Hosting.Lifetime — Content root path: C:\Users\IsmaelMToalaC\Downloads\SAST-ROBUSTOV2\id-sast-csharp\roslyn_bridge\bin\Release\net8.0\win-x64
2026-06-18 00:33:10 [INF] Microsoft.AspNetCore.Hosting.Diagnostics — Request starting HTTP/1.1 GET http://localhost:5100/health - null null
2026-06-18 00:33:11 [INF] Microsoft.AspNetCore.Routing.EndpointMiddleware — Executing endpoint 'Health checks'
2026-06-18 00:33:11 [INF] Microsoft.AspNetCore.Routing.EndpointMiddleware — Executed endpoint 'Health checks'
2026-06-18 00:33:11 [INF] Serilog.AspNetCore.RequestLoggingMiddleware — HTTP GET /health → 200 en 43ms
2026-06-18 00:33:26 [INF]  — Roslyn Bridge escuchando en: http://0.0.0.0:5100
2026-06-18 00:33:26 [INF]  — Swagger UI: http://localhost:5100/swagger (solo en Development)
2026-06-18 00:33:26 [INF] Microsoft.Hosting.Lifetime — Now listening on: http://0.0.0.0:5100
2026-06-18 00:33:26 [INF] Microsoft.Hosting.Lifetime — Application started. Press Ctrl+C to shut down.
2026-06-18 00:33:26 [INF] Microsoft.Hosting.Lifetime — Hosting environment: Production
2026-06-18 00:33:26 [INF] Microsoft.Hosting.Lifetime — Content root path: C:\Users\IsmaelMToalaC\Downloads\SAST-ROBUSTOV2\id-sast-csharp\roslyn_bridge\bin\Release\net8.0\win-x64
2026-06-18 00:33:26 [INF] Microsoft.AspNetCore.Hosting.Diagnostics — Request starting HTTP/1.1 GET http://192.168.100.54:5100/health - null null
2026-06-18 00:33:26 [INF] Microsoft.AspNetCore.Routing.EndpointMiddleware — Executing endpoint 'Health checks'
2026-06-18 00:33:27 [INF] Microsoft.AspNetCore.Routing.EndpointMiddleware — Executed endpoint 'Health checks'
2026-06-18 00:33:27 [INF] Serilog.AspNetCore.RequestLoggingMiddleware — HTTP GET /health → 200 en 52ms
2026-06-18 00:33:27 [INF] Microsoft.AspNetCore.Hosting.Diagnostics — Request finished HTTP/1.1 GET http://192.168.100.54:5100/health - 200 null application/json; charset=utf-8 203.4861ms
2026-06-18 00:33:27 [INF] Microsoft.AspNetCore.Hosting.Diagnostics — Request starting HTTP/1.1 POST http://192.168.100.54:5100/analyze - application/json 279
2026-06-18 00:33:27 [INF] Microsoft.AspNetCore.Routing.EndpointMiddleware — Executing endpoint 'HTTP: POST /analyze'
2026-06-18 00:33:27 [INF] Program — Análisis iniciado: 2 archivo(s), timeout: 300s
2026-06-18 00:33:27 [INF] RoslynBridge.Extractors.SemanticExtractor — Iniciando extracción semántica de 2 archivo(s)
2026-06-18 00:33:29 [INF] RoslynBridge.Extractors.SemanticExtractor — Framework detectado: aspnetcore
2026-06-18 00:33:29 [INF] RoslynBridge.Extractors.SemanticExtractor — Compilation Tree: C:\Users\IsmaelMToalaC\Downloads\SAST-ROBUSTOV2\id-sast-csharp\tests\samples\demo\FixedDemoController.cs
2026-06-18 00:33:29 [INF] RoslynBridge.Extractors.SemanticExtractor — Compilation Tree: C:\Users\IsmaelMToalaC\Downloads\SAST-ROBUSTOV2\id-sast-csharp\tests\samples\demo\VulnerableDemoController.cs
2026-06-18 00:33:29 [INF] RoslynBridge.Extractors.SemanticExtractor — Current Tree: C:\Users\IsmaelMToalaC\Downloads\SAST-ROBUSTOV2\id-sast-csharp\tests\samples\demo\FixedDemoController.cs
2026-06-18 00:33:30 [INF] RoslynBridge.Extractors.SemanticExtractor — Compilation Tree: C:\Users\IsmaelMToalaC\Downloads\SAST-ROBUSTOV2\id-sast-csharp\tests\samples\demo\FixedDemoController.cs
2026-06-18 00:33:30 [INF] RoslynBridge.Extractors.SemanticExtractor — Compilation Tree: C:\Users\IsmaelMToalaC\Downloads\SAST-ROBUSTOV2\id-sast-csharp\tests\samples\demo\VulnerableDemoController.cs
2026-06-18 00:33:30 [INF] RoslynBridge.Extractors.SemanticExtractor — Current Tree: C:\Users\IsmaelMToalaC\Downloads\SAST-ROBUSTOV2\id-sast-csharp\tests\samples\demo\VulnerableDemoController.cs
2026-06-18 00:33:30 [INF] RoslynBridge.Extractors.SemanticExtractor — Extracción completada en 3.44s — 40 nodos, 2 clases
2026-06-18 00:33:30 [INF] RoslynBridge.Extractors.CfgExtractor — Extrayendo CFG de 2 árbol(es) de sintaxis
2026-06-18 00:33:30 [INF] RoslynBridge.Extractors.CfgExtractor — CFG completado: 4/4 métodos exitosos, 0 fallidos
2026-06-18 00:33:30 [INF] RoslynBridge.Extractors.DfgExtractor — Iniciando enriquecimiento del DFG con Roslyn DataFlowAnalysis
2026-06-18 00:33:30 [INF] RoslynBridge.Extractors.DfgExtractor — DFG enriquecido: 15 asignaciones, 2 flujos de parámetro, 11 flujos de retorno
2026-06-18 00:33:30 [INF] RoslynBridge.Serializers.AstJsonSerializer — JSON serializado: 68.9 KB en 46 ms
2026-06-18 00:33:30 [INF] Program — Análisis completado: 40 nodos semánticos, 2 clases, 4 métodos con CFG, comprimido: false
2026-06-18 00:33:30 [INF] Microsoft.AspNetCore.Routing.EndpointMiddleware — Executed endpoint 'HTTP: POST /analyze'
2026-06-18 00:33:30 [INF] Serilog.AspNetCore.RequestLoggingMiddleware — HTTP POST /analyze → 200 en 3773ms
2026-06-18 00:33:30 [INF] Microsoft.AspNetCore.Hosting.Diagnostics — Request finished HTTP/1.1 POST http://192.168.100.54:5100/analyze - 200 null application/json; charset=utf-8 3775.4834ms
2026-06-18 00:34:19 [INF]  — Roslyn Bridge escuchando en: http://0.0.0.0:5100
2026-06-18 00:34:19 [INF]  — Swagger UI: http://localhost:5100/swagger (solo en Development)
2026-06-18 00:34:19 [INF] Microsoft.Hosting.Lifetime — Now listening on: http://0.0.0.0:5100
2026-06-18 00:34:19 [INF] Microsoft.Hosting.Lifetime — Application started. Press Ctrl+C to shut down.
2026-06-18 00:34:19 [INF] Microsoft.Hosting.Lifetime — Hosting environment: Production
2026-06-18 00:34:19 [INF] Microsoft.Hosting.Lifetime — Content root path: C:\Users\IsmaelMToalaC\Downloads\SAST-ROBUSTOV2\id-sast-csharp\roslyn_bridge\bin\Release\net8.0\win-x64
2026-06-18 00:34:20 [INF] Microsoft.AspNetCore.Hosting.Diagnostics — Request starting HTTP/1.1 GET http://192.168.100.54:5100/health - null null
2026-06-18 00:34:20 [INF] Microsoft.AspNetCore.Routing.EndpointMiddleware — Executing endpoint 'Health checks'
2026-06-18 00:34:20 [INF] Microsoft.AspNetCore.Routing.EndpointMiddleware — Executed endpoint 'Health checks'
2026-06-18 00:34:20 [INF] Serilog.AspNetCore.RequestLoggingMiddleware — HTTP GET /health → 200 en 43ms
2026-06-18 00:34:20 [INF] Microsoft.AspNetCore.Hosting.Diagnostics — Request finished HTTP/1.1 GET http://192.168.100.54:5100/health - 200 null application/json; charset=utf-8 170.8744ms
2026-06-18 00:34:20 [INF] Microsoft.AspNetCore.Hosting.Diagnostics — Request starting HTTP/1.1 POST http://192.168.100.54:5100/analyze - application/json 279
2026-06-18 00:34:20 [INF] Microsoft.AspNetCore.Routing.EndpointMiddleware — Executing endpoint 'HTTP: POST /analyze'
2026-06-18 00:34:20 [INF] Program — Análisis iniciado: 2 archivo(s), timeout: 300s
2026-06-18 00:34:20 [INF] RoslynBridge.Extractors.SemanticExtractor — Iniciando extracción semántica de 2 archivo(s)
2026-06-18 00:34:21 [INF] RoslynBridge.Extractors.SemanticExtractor — Framework detectado: aspnetcore
2026-06-18 00:34:21 [INF] RoslynBridge.Extractors.SemanticExtractor — Compilation Tree: C:\Users\IsmaelMToalaC\Downloads\SAST-ROBUSTOV2\id-sast-csharp\tests\samples\demo\FixedDemoController.cs
2026-06-18 00:34:21 [INF] RoslynBridge.Extractors.SemanticExtractor — Compilation Tree: C:\Users\IsmaelMToalaC\Downloads\SAST-ROBUSTOV2\id-sast-csharp\tests\samples\demo\VulnerableDemoController.cs
2026-06-18 00:34:21 [INF] RoslynBridge.Extractors.SemanticExtractor — Current Tree: C:\Users\IsmaelMToalaC\Downloads\SAST-ROBUSTOV2\id-sast-csharp\tests\samples\demo\FixedDemoController.cs
2026-06-18 00:34:22 [INF] RoslynBridge.Extractors.SemanticExtractor — Compilation Tree: C:\Users\IsmaelMToalaC\Downloads\SAST-ROBUSTOV2\id-sast-csharp\tests\samples\demo\FixedDemoController.cs
2026-06-18 00:34:22 [INF] RoslynBridge.Extractors.SemanticExtractor — Compilation Tree: C:\Users\IsmaelMToalaC\Downloads\SAST-ROBUSTOV2\id-sast-csharp\tests\samples\demo\VulnerableDemoController.cs
2026-06-18 00:34:22 [INF] RoslynBridge.Extractors.SemanticExtractor — Current Tree: C:\Users\IsmaelMToalaC\Downloads\SAST-ROBUSTOV2\id-sast-csharp\tests\samples\demo\VulnerableDemoController.cs
2026-06-18 00:34:22 [INF] RoslynBridge.Extractors.SemanticExtractor — Extracción completada en 1.81s — 40 nodos, 2 clases
2026-06-18 00:34:22 [INF] RoslynBridge.Extractors.CfgExtractor — Extrayendo CFG de 2 árbol(es) de sintaxis
2026-06-18 00:34:22 [INF] RoslynBridge.Extractors.CfgExtractor — CFG completado: 4/4 métodos exitosos, 0 fallidos
2026-06-18 00:34:22 [INF] RoslynBridge.Extractors.DfgExtractor — Iniciando enriquecimiento del DFG con Roslyn DataFlowAnalysis
2026-06-18 00:34:22 [INF] RoslynBridge.Extractors.DfgExtractor — DFG enriquecido: 15 asignaciones, 2 flujos de parámetro, 11 flujos de retorno
2026-06-18 00:34:22 [INF] RoslynBridge.Serializers.AstJsonSerializer — JSON serializado: 68.9 KB en 39 ms
2026-06-18 00:34:22 [INF] Program — Análisis completado: 40 nodos semánticos, 2 clases, 4 métodos con CFG, comprimido: false
2026-06-18 00:34:22 [INF] Microsoft.AspNetCore.Routing.EndpointMiddleware — Executed endpoint 'HTTP: POST /analyze'
2026-06-18 00:34:22 [INF] Serilog.AspNetCore.RequestLoggingMiddleware — HTTP POST /analyze → 200 en 2081ms
2026-06-18 00:34:22 [INF] Microsoft.AspNetCore.Hosting.Diagnostics — Request finished HTTP/1.1 POST http://192.168.100.54:5100/analyze - 200 null application/json; charset=utf-8 2083.6192ms
2026-06-18 00:36:44 [INF]  — Roslyn Bridge escuchando en: http://0.0.0.0:5100
2026-06-18 00:36:44 [INF]  — Swagger UI: http://localhost:5100/swagger (solo en Development)
2026-06-18 00:36:44 [INF] Microsoft.Hosting.Lifetime — Now listening on: http://0.0.0.0:5100
2026-06-18 00:36:44 [INF] Microsoft.Hosting.Lifetime — Application started. Press Ctrl+C to shut down.
2026-06-18 00:36:44 [INF] Microsoft.Hosting.Lifetime — Hosting environment: Production
2026-06-18 00:36:44 [INF] Microsoft.Hosting.Lifetime — Content root path: C:\Users\IsmaelMToalaC\Downloads\SAST-ROBUSTOV2\id-sast-csharp\roslyn_bridge\bin\Release\net8.0\win-x64
2026-06-18 00:36:44 [INF] Microsoft.AspNetCore.Hosting.Diagnostics — Request starting HTTP/1.1 GET http://192.168.100.54:5100/health - null null
2026-06-18 00:36:44 [INF] Microsoft.AspNetCore.Routing.EndpointMiddleware — Executing endpoint 'Health checks'
2026-06-18 00:36:44 [INF] Microsoft.AspNetCore.Routing.EndpointMiddleware — Executed endpoint 'Health checks'
2026-06-18 00:36:44 [INF] Serilog.AspNetCore.RequestLoggingMiddleware — HTTP GET /health → 200 en 50ms
2026-06-18 00:36:44 [INF] Microsoft.AspNetCore.Hosting.Diagnostics — Request finished HTTP/1.1 GET http://192.168.100.54:5100/health - 200 null application/json; charset=utf-8 166.4356ms
2026-06-18 00:36:44 [INF] Microsoft.AspNetCore.Hosting.Diagnostics — Request starting HTTP/1.1 POST http://192.168.100.54:5100/analyze - application/json 279
2026-06-18 00:36:44 [INF] Microsoft.AspNetCore.Routing.EndpointMiddleware — Executing endpoint 'HTTP: POST /analyze'
2026-06-18 00:36:44 [INF] Program — Análisis iniciado: 2 archivo(s), timeout: 300s
2026-06-18 00:36:44 [INF] RoslynBridge.Extractors.SemanticExtractor — Iniciando extracción semántica de 2 archivo(s)
2026-06-18 00:36:45 [INF] RoslynBridge.Extractors.SemanticExtractor — Framework detectado: aspnetcore
2026-06-18 00:36:45 [INF] RoslynBridge.Extractors.SemanticExtractor — Compilation Tree: C:\Users\IsmaelMToalaC\Downloads\SAST-ROBUSTOV2\id-sast-csharp\tests\samples\demo\FixedDemoController.cs
2026-06-18 00:36:45 [INF] RoslynBridge.Extractors.SemanticExtractor — Compilation Tree: C:\Users\IsmaelMToalaC\Downloads\SAST-ROBUSTOV2\id-sast-csharp\tests\samples\demo\VulnerableDemoController.cs
2026-06-18 00:36:45 [INF] RoslynBridge.Extractors.SemanticExtractor — Current Tree: C:\Users\IsmaelMToalaC\Downloads\SAST-ROBUSTOV2\id-sast-csharp\tests\samples\demo\FixedDemoController.cs
2026-06-18 00:36:46 [INF] RoslynBridge.Extractors.SemanticExtractor — Compilation Tree: C:\Users\IsmaelMToalaC\Downloads\SAST-ROBUSTOV2\id-sast-csharp\tests\samples\demo\FixedDemoController.cs
2026-06-18 00:36:46 [INF] RoslynBridge.Extractors.SemanticExtractor — Compilation Tree: C:\Users\IsmaelMToalaC\Downloads\SAST-ROBUSTOV2\id-sast-csharp\tests\samples\demo\VulnerableDemoController.cs
2026-06-18 00:36:46 [INF] RoslynBridge.Extractors.SemanticExtractor — Current Tree: C:\Users\IsmaelMToalaC\Downloads\SAST-ROBUSTOV2\id-sast-csharp\tests\samples\demo\VulnerableDemoController.cs
2026-06-18 00:36:46 [INF] RoslynBridge.Extractors.SemanticExtractor — Extracción completada en 1.73s — 40 nodos, 2 clases
2026-06-18 00:36:46 [INF] RoslynBridge.Extractors.CfgExtractor — Extrayendo CFG de 2 árbol(es) de sintaxis
2026-06-18 00:36:46 [INF] RoslynBridge.Extractors.CfgExtractor — CFG completado: 4/4 métodos exitosos, 0 fallidos
2026-06-18 00:36:46 [INF] RoslynBridge.Extractors.DfgExtractor — Iniciando enriquecimiento del DFG con Roslyn DataFlowAnalysis
2026-06-18 00:36:46 [INF] RoslynBridge.Extractors.DfgExtractor — DFG enriquecido: 15 asignaciones, 2 flujos de parámetro, 11 flujos de retorno
2026-06-18 00:36:46 [INF] RoslynBridge.Serializers.AstJsonSerializer — JSON serializado: 68.9 KB en 31 ms
2026-06-18 00:36:46 [INF] Program — Análisis completado: 40 nodos semánticos, 2 clases, 4 métodos con CFG, comprimido: false
2026-06-18 00:36:46 [INF] Microsoft.AspNetCore.Routing.EndpointMiddleware — Executed endpoint 'HTTP: POST /analyze'
2026-06-18 00:36:46 [INF] Serilog.AspNetCore.RequestLoggingMiddleware — HTTP POST /analyze → 200 en 1952ms
2026-06-18 00:36:46 [INF] Microsoft.AspNetCore.Hosting.Diagnostics — Request finished HTTP/1.1 POST http://192.168.100.54:5100/analyze - 200 null application/json; charset=utf-8 1953.55ms
2026-06-18 00:41:50 [INF]  — Roslyn Bridge escuchando en: http://0.0.0.0:5100
2026-06-18 00:41:50 [INF]  — Swagger UI: http://localhost:5100/swagger (solo en Development)
2026-06-18 00:41:51 [INF] Microsoft.Hosting.Lifetime — Now listening on: http://0.0.0.0:5100
2026-06-18 00:41:51 [INF] Microsoft.Hosting.Lifetime — Application started. Press Ctrl+C to shut down.
2026-06-18 00:41:51 [INF] Microsoft.Hosting.Lifetime — Hosting environment: Production
2026-06-18 00:41:51 [INF] Microsoft.Hosting.Lifetime — Content root path: C:\Users\IsmaelMToalaC\Downloads\SAST-ROBUSTOV2\id-sast-csharp\roslyn_bridge\bin\Release\net8.0\win-x64
2026-06-18 00:41:51 [INF] Microsoft.AspNetCore.Hosting.Diagnostics — Request starting HTTP/1.1 GET http://192.168.100.54:5100/health - null null
2026-06-18 00:41:51 [INF] Microsoft.AspNetCore.Routing.EndpointMiddleware — Executing endpoint 'Health checks'
2026-06-18 00:41:51 [INF] Microsoft.AspNetCore.Routing.EndpointMiddleware — Executed endpoint 'Health checks'
2026-06-18 00:41:51 [INF] Serilog.AspNetCore.RequestLoggingMiddleware — HTTP GET /health → 200 en 40ms
2026-06-18 00:41:51 [INF] Microsoft.AspNetCore.Hosting.Diagnostics — Request finished HTTP/1.1 GET http://192.168.100.54:5100/health - 200 null application/json; charset=utf-8 150.5203ms
2026-06-18 00:41:51 [INF] Microsoft.AspNetCore.Hosting.Diagnostics — Request starting HTTP/1.1 POST http://192.168.100.54:5100/analyze - application/json 279
2026-06-18 00:41:51 [INF] Microsoft.AspNetCore.Routing.EndpointMiddleware — Executing endpoint 'HTTP: POST /analyze'
2026-06-18 00:41:51 [INF] Program — Análisis iniciado: 2 archivo(s), timeout: 300s
2026-06-18 00:41:51 [INF] RoslynBridge.Extractors.SemanticExtractor — Iniciando extracción semántica de 2 archivo(s)
2026-06-18 00:41:52 [INF] RoslynBridge.Extractors.SemanticExtractor — Framework detectado: aspnetcore
2026-06-18 00:41:52 [INF] RoslynBridge.Extractors.SemanticExtractor — Compilation Tree: C:\Users\IsmaelMToalaC\Downloads\SAST-ROBUSTOV2\id-sast-csharp\tests\samples\demo\FixedDemoController.cs
2026-06-18 00:41:52 [INF] RoslynBridge.Extractors.SemanticExtractor — Compilation Tree: C:\Users\IsmaelMToalaC\Downloads\SAST-ROBUSTOV2\id-sast-csharp\tests\samples\demo\VulnerableDemoController.cs
2026-06-18 00:41:52 [INF] RoslynBridge.Extractors.SemanticExtractor — Current Tree: C:\Users\IsmaelMToalaC\Downloads\SAST-ROBUSTOV2\id-sast-csharp\tests\samples\demo\FixedDemoController.cs
2026-06-18 00:41:52 [INF] RoslynBridge.Extractors.SemanticExtractor — Compilation Tree: C:\Users\IsmaelMToalaC\Downloads\SAST-ROBUSTOV2\id-sast-csharp\tests\samples\demo\FixedDemoController.cs
2026-06-18 00:41:52 [INF] RoslynBridge.Extractors.SemanticExtractor — Compilation Tree: C:\Users\IsmaelMToalaC\Downloads\SAST-ROBUSTOV2\id-sast-csharp\tests\samples\demo\VulnerableDemoController.cs
2026-06-18 00:41:52 [INF] RoslynBridge.Extractors.SemanticExtractor — Current Tree: C:\Users\IsmaelMToalaC\Downloads\SAST-ROBUSTOV2\id-sast-csharp\tests\samples\demo\VulnerableDemoController.cs
2026-06-18 00:41:53 [INF] RoslynBridge.Extractors.SemanticExtractor — Extracción completada en 1.45s — 40 nodos, 2 clases
2026-06-18 00:41:53 [INF] RoslynBridge.Extractors.CfgExtractor — Extrayendo CFG de 2 árbol(es) de sintaxis
2026-06-18 00:41:53 [INF] RoslynBridge.Extractors.CfgExtractor — CFG completado: 4/4 métodos exitosos, 0 fallidos
2026-06-18 00:41:53 [INF] RoslynBridge.Extractors.DfgExtractor — Iniciando enriquecimiento del DFG con Roslyn DataFlowAnalysis
2026-06-18 00:41:53 [INF] RoslynBridge.Extractors.DfgExtractor — DFG enriquecido: 15 asignaciones, 2 flujos de parámetro, 11 flujos de retorno
2026-06-18 00:41:53 [INF] RoslynBridge.Serializers.AstJsonSerializer — JSON serializado: 68.9 KB en 60 ms
2026-06-18 00:41:53 [INF] Program — Análisis completado: 40 nodos semánticos, 2 clases, 4 métodos con CFG, comprimido: false
2026-06-18 00:41:53 [INF] Microsoft.AspNetCore.Routing.EndpointMiddleware — Executed endpoint 'HTTP: POST /analyze'
2026-06-18 00:41:53 [INF] Serilog.AspNetCore.RequestLoggingMiddleware — HTTP POST /analyze → 200 en 1817ms
2026-06-18 00:41:53 [INF] Microsoft.AspNetCore.Hosting.Diagnostics — Request finished HTTP/1.1 POST http://192.168.100.54:5100/analyze - 200 null application/json; charset=utf-8 1819.1011ms
2026-06-18 00:44:12 [INF]  — Roslyn Bridge escuchando en: http://0.0.0.0:5100
2026-06-18 00:44:13 [INF]  — Swagger UI: http://localhost:5100/swagger (solo en Development)
2026-06-18 00:44:13 [INF] Microsoft.Hosting.Lifetime — Now listening on: http://0.0.0.0:5100
2026-06-18 00:44:13 [INF] Microsoft.Hosting.Lifetime — Application started. Press Ctrl+C to shut down.
2026-06-18 00:44:13 [INF] Microsoft.Hosting.Lifetime — Hosting environment: Production
2026-06-18 00:44:13 [INF] Microsoft.Hosting.Lifetime — Content root path: C:\Users\IsmaelMToalaC\Downloads\SAST-ROBUSTOV2\id-sast-csharp\roslyn_bridge\bin\Release\net8.0\win-x64
2026-06-18 00:44:13 [INF] Microsoft.AspNetCore.Hosting.Diagnostics — Request starting HTTP/1.1 GET http://192.168.100.54:5100/health - null null
2026-06-18 00:44:13 [INF] Microsoft.AspNetCore.Routing.EndpointMiddleware — Executing endpoint 'Health checks'
2026-06-18 00:44:13 [INF] Microsoft.AspNetCore.Routing.EndpointMiddleware — Executed endpoint 'Health checks'
2026-06-18 00:44:13 [INF] Serilog.AspNetCore.RequestLoggingMiddleware — HTTP GET /health → 200 en 44ms
2026-06-18 00:44:13 [INF] Microsoft.AspNetCore.Hosting.Diagnostics — Request finished HTTP/1.1 GET http://192.168.100.54:5100/health - 200 null application/json; charset=utf-8 168.4545ms
2026-06-18 00:44:13 [INF] Microsoft.AspNetCore.Hosting.Diagnostics — Request starting HTTP/1.1 POST http://192.168.100.54:5100/analyze - application/json 279
2026-06-18 00:44:13 [INF] Microsoft.AspNetCore.Routing.EndpointMiddleware — Executing endpoint 'HTTP: POST /analyze'
2026-06-18 00:44:13 [INF] Program — Análisis iniciado: 2 archivo(s), timeout: 300s
2026-06-18 00:44:13 [INF] RoslynBridge.Extractors.SemanticExtractor — Iniciando extracción semántica de 2 archivo(s)
2026-06-18 00:44:14 [INF] RoslynBridge.Extractors.SemanticExtractor — Framework detectado: aspnetcore
2026-06-18 00:44:14 [INF] RoslynBridge.Extractors.SemanticExtractor — Compilation Tree: C:\Users\IsmaelMToalaC\Downloads\SAST-ROBUSTOV2\id-sast-csharp\tests\samples\demo\FixedDemoController.cs
2026-06-18 00:44:14 [INF] RoslynBridge.Extractors.SemanticExtractor — Compilation Tree: C:\Users\IsmaelMToalaC\Downloads\SAST-ROBUSTOV2\id-sast-csharp\tests\samples\demo\VulnerableDemoController.cs
2026-06-18 00:44:14 [INF] RoslynBridge.Extractors.SemanticExtractor — Current Tree: C:\Users\IsmaelMToalaC\Downloads\SAST-ROBUSTOV2\id-sast-csharp\tests\samples\demo\FixedDemoController.cs
2026-06-18 00:44:15 [INF] RoslynBridge.Extractors.SemanticExtractor — Compilation Tree: C:\Users\IsmaelMToalaC\Downloads\SAST-ROBUSTOV2\id-sast-csharp\tests\samples\demo\FixedDemoController.cs
2026-06-18 00:44:15 [INF] RoslynBridge.Extractors.SemanticExtractor — Compilation Tree: C:\Users\IsmaelMToalaC\Downloads\SAST-ROBUSTOV2\id-sast-csharp\tests\samples\demo\VulnerableDemoController.cs
2026-06-18 00:44:15 [INF] RoslynBridge.Extractors.SemanticExtractor — Current Tree: C:\Users\IsmaelMToalaC\Downloads\SAST-ROBUSTOV2\id-sast-csharp\tests\samples\demo\VulnerableDemoController.cs
2026-06-18 00:44:15 [INF] RoslynBridge.Extractors.SemanticExtractor — Extracción completada en 1.71s — 40 nodos, 2 clases
2026-06-18 00:44:15 [INF] RoslynBridge.Extractors.CfgExtractor — Extrayendo CFG de 2 árbol(es) de sintaxis
2026-06-18 00:44:15 [INF] RoslynBridge.Extractors.CfgExtractor — CFG completado: 4/4 métodos exitosos, 0 fallidos
2026-06-18 00:44:15 [INF] RoslynBridge.Extractors.DfgExtractor — Iniciando enriquecimiento del DFG con Roslyn DataFlowAnalysis
2026-06-18 00:44:15 [INF] RoslynBridge.Extractors.DfgExtractor — DFG enriquecido: 15 asignaciones, 2 flujos de parámetro, 11 flujos de retorno
2026-06-18 00:44:15 [INF] RoslynBridge.Serializers.AstJsonSerializer — JSON serializado: 68.9 KB en 33 ms
2026-06-18 00:44:15 [INF] Program — Análisis completado: 40 nodos semánticos, 2 clases, 4 métodos con CFG, comprimido: false
2026-06-18 00:44:15 [INF] Microsoft.AspNetCore.Routing.EndpointMiddleware — Executed endpoint 'HTTP: POST /analyze'
2026-06-18 00:44:15 [INF] Serilog.AspNetCore.RequestLoggingMiddleware — HTTP POST /analyze → 200 en 1950ms
2026-06-18 00:44:15 [INF] Microsoft.AspNetCore.Hosting.Diagnostics — Request finished HTTP/1.1 POST http://192.168.100.54:5100/analyze - 200 null application/json; charset=utf-8 1952.433ms
2026-06-18 00:44:19 [INF]  — Roslyn Bridge escuchando en: http://0.0.0.0:5100
2026-06-18 00:44:19 [INF]  — Swagger UI: http://localhost:5100/swagger (solo en Development)
2026-06-18 00:44:19 [INF] Microsoft.Hosting.Lifetime — Now listening on: http://0.0.0.0:5100
2026-06-18 00:44:19 [INF] Microsoft.Hosting.Lifetime — Application started. Press Ctrl+C to shut down.
2026-06-18 00:44:19 [INF] Microsoft.Hosting.Lifetime — Hosting environment: Production
2026-06-18 00:44:19 [INF] Microsoft.Hosting.Lifetime — Content root path: C:\Users\IsmaelMToalaC\Downloads\SAST-ROBUSTOV2\id-sast-csharp\roslyn_bridge\bin\Release\net8.0\win-x64
2026-06-18 00:44:20 [INF] Microsoft.AspNetCore.Hosting.Diagnostics — Request starting HTTP/1.1 GET http://192.168.100.54:5100/health - null null
2026-06-18 00:44:20 [INF] Microsoft.AspNetCore.Routing.EndpointMiddleware — Executing endpoint 'Health checks'
2026-06-18 00:44:20 [INF] Microsoft.AspNetCore.Routing.EndpointMiddleware — Executed endpoint 'Health checks'
2026-06-18 00:44:20 [INF] Serilog.AspNetCore.RequestLoggingMiddleware — HTTP GET /health → 200 en 49ms
2026-06-18 00:44:20 [INF] Microsoft.AspNetCore.Hosting.Diagnostics — Request finished HTTP/1.1 GET http://192.168.100.54:5100/health - 200 null application/json; charset=utf-8 160.7151ms
2026-06-18 00:44:20 [INF] Microsoft.AspNetCore.Hosting.Diagnostics — Request starting HTTP/1.1 POST http://192.168.100.54:5100/analyze - application/json 279
2026-06-18 00:44:20 [INF] Microsoft.AspNetCore.Routing.EndpointMiddleware — Executing endpoint 'HTTP: POST /analyze'
2026-06-18 00:44:20 [INF] Program — Análisis iniciado: 2 archivo(s), timeout: 300s
2026-06-18 00:44:20 [INF] RoslynBridge.Extractors.SemanticExtractor — Iniciando extracción semántica de 2 archivo(s)
2026-06-18 00:44:20 [INF] RoslynBridge.Extractors.SemanticExtractor — Framework detectado: aspnetcore
2026-06-18 00:44:20 [INF] RoslynBridge.Extractors.SemanticExtractor — Compilation Tree: C:\Users\IsmaelMToalaC\Downloads\SAST-ROBUSTOV2\id-sast-csharp\tests\samples\demo\FixedDemoController.cs
2026-06-18 00:44:20 [INF] RoslynBridge.Extractors.SemanticExtractor — Compilation Tree: C:\Users\IsmaelMToalaC\Downloads\SAST-ROBUSTOV2\id-sast-csharp\tests\samples\demo\VulnerableDemoController.cs
2026-06-18 00:44:20 [INF] RoslynBridge.Extractors.SemanticExtractor — Current Tree: C:\Users\IsmaelMToalaC\Downloads\SAST-ROBUSTOV2\id-sast-csharp\tests\samples\demo\FixedDemoController.cs
2026-06-18 00:44:21 [INF] RoslynBridge.Extractors.SemanticExtractor — Compilation Tree: C:\Users\IsmaelMToalaC\Downloads\SAST-ROBUSTOV2\id-sast-csharp\tests\samples\demo\FixedDemoController.cs
2026-06-18 00:44:21 [INF] RoslynBridge.Extractors.SemanticExtractor — Compilation Tree: C:\Users\IsmaelMToalaC\Downloads\SAST-ROBUSTOV2\id-sast-csharp\tests\samples\demo\VulnerableDemoController.cs
2026-06-18 00:44:21 [INF] RoslynBridge.Extractors.SemanticExtractor — Current Tree: C:\Users\IsmaelMToalaC\Downloads\SAST-ROBUSTOV2\id-sast-csharp\tests\samples\demo\VulnerableDemoController.cs
2026-06-18 00:44:22 [INF] RoslynBridge.Extractors.SemanticExtractor — Extracción completada en 1.79s — 40 nodos, 2 clases
2026-06-18 00:44:22 [INF] RoslynBridge.Extractors.CfgExtractor — Extrayendo CFG de 2 árbol(es) de sintaxis
2026-06-18 00:44:22 [INF] RoslynBridge.Extractors.CfgExtractor — CFG completado: 4/4 métodos exitosos, 0 fallidos
2026-06-18 00:44:22 [INF] RoslynBridge.Extractors.DfgExtractor — Iniciando enriquecimiento del DFG con Roslyn DataFlowAnalysis
2026-06-18 00:44:22 [INF] RoslynBridge.Extractors.DfgExtractor — DFG enriquecido: 15 asignaciones, 2 flujos de parámetro, 11 flujos de retorno
2026-06-18 00:44:22 [INF] RoslynBridge.Serializers.AstJsonSerializer — JSON serializado: 68.9 KB en 35 ms
2026-06-18 00:44:22 [INF] Program — Análisis completado: 40 nodos semánticos, 2 clases, 4 métodos con CFG, comprimido: false
2026-06-18 00:44:22 [INF] Microsoft.AspNetCore.Routing.EndpointMiddleware — Executed endpoint 'HTTP: POST /analyze'
2026-06-18 00:44:22 [INF] Serilog.AspNetCore.RequestLoggingMiddleware — HTTP POST /analyze → 200 en 2057ms
2026-06-18 00:44:22 [INF] Microsoft.AspNetCore.Hosting.Diagnostics — Request finished HTTP/1.1 POST http://192.168.100.54:5100/analyze - 200 null application/json; charset=utf-8 2059.3917ms
2026-06-18 00:49:43 [INF]  — Roslyn Bridge escuchando en: http://0.0.0.0:5100
2026-06-18 00:49:43 [INF]  — Swagger UI: http://localhost:5100/swagger (solo en Development)
2026-06-18 00:49:43 [INF] Microsoft.Hosting.Lifetime — Now listening on: http://0.0.0.0:5100
2026-06-18 00:49:43 [INF] Microsoft.Hosting.Lifetime — Application started. Press Ctrl+C to shut down.
2026-06-18 00:49:43 [INF] Microsoft.Hosting.Lifetime — Hosting environment: Production
2026-06-18 00:49:43 [INF] Microsoft.Hosting.Lifetime — Content root path: C:\Users\IsmaelMToalaC\Downloads\SAST-ROBUSTOV2\id-sast-csharp\roslyn_bridge\bin\Release\net8.0\win-x64
2026-06-18 00:49:43 [INF] Microsoft.AspNetCore.Hosting.Diagnostics — Request starting HTTP/1.1 GET http://192.168.100.54:5100/health - null null
2026-06-18 00:49:43 [INF] Microsoft.AspNetCore.Routing.EndpointMiddleware — Executing endpoint 'Health checks'
2026-06-18 00:49:44 [INF] Microsoft.AspNetCore.Routing.EndpointMiddleware — Executed endpoint 'Health checks'
2026-06-18 00:49:44 [INF] Serilog.AspNetCore.RequestLoggingMiddleware — HTTP GET /health → 200 en 51ms
2026-06-18 00:49:44 [INF] Microsoft.AspNetCore.Hosting.Diagnostics — Request finished HTTP/1.1 GET http://192.168.100.54:5100/health - 200 null application/json; charset=utf-8 194.9859ms
2026-06-18 00:49:44 [INF] Microsoft.AspNetCore.Hosting.Diagnostics — Request starting HTTP/1.1 POST http://192.168.100.54:5100/analyze - application/json 279
2026-06-18 00:49:44 [INF] Microsoft.AspNetCore.Routing.EndpointMiddleware — Executing endpoint 'HTTP: POST /analyze'
2026-06-18 00:49:44 [INF] Program — Análisis iniciado: 2 archivo(s), timeout: 300s
2026-06-18 00:49:44 [INF] RoslynBridge.Extractors.SemanticExtractor — Iniciando extracción semántica de 2 archivo(s)
2026-06-18 00:49:44 [INF] RoslynBridge.Extractors.SemanticExtractor — Framework detectado: aspnetcore
2026-06-18 00:49:44 [INF] RoslynBridge.Extractors.SemanticExtractor — Compilation Tree: C:\Users\IsmaelMToalaC\Downloads\SAST-ROBUSTOV2\id-sast-csharp\tests\samples\demo\FixedDemoController.cs
2026-06-18 00:49:44 [INF] RoslynBridge.Extractors.SemanticExtractor — Compilation Tree: C:\Users\IsmaelMToalaC\Downloads\SAST-ROBUSTOV2\id-sast-csharp\tests\samples\demo\VulnerableDemoController.cs
2026-06-18 00:49:44 [INF] RoslynBridge.Extractors.SemanticExtractor — Current Tree: C:\Users\IsmaelMToalaC\Downloads\SAST-ROBUSTOV2\id-sast-csharp\tests\samples\demo\FixedDemoController.cs
2026-06-18 00:49:45 [INF] RoslynBridge.Extractors.SemanticExtractor — Compilation Tree: C:\Users\IsmaelMToalaC\Downloads\SAST-ROBUSTOV2\id-sast-csharp\tests\samples\demo\FixedDemoController.cs
2026-06-18 00:49:45 [INF] RoslynBridge.Extractors.SemanticExtractor — Compilation Tree: C:\Users\IsmaelMToalaC\Downloads\SAST-ROBUSTOV2\id-sast-csharp\tests\samples\demo\VulnerableDemoController.cs
2026-06-18 00:49:45 [INF] RoslynBridge.Extractors.SemanticExtractor — Current Tree: C:\Users\IsmaelMToalaC\Downloads\SAST-ROBUSTOV2\id-sast-csharp\tests\samples\demo\VulnerableDemoController.cs
2026-06-18 00:49:45 [INF] RoslynBridge.Extractors.SemanticExtractor — Extracción completada en 1.51s — 40 nodos, 2 clases
2026-06-18 00:49:45 [INF] RoslynBridge.Extractors.CfgExtractor — Extrayendo CFG de 2 árbol(es) de sintaxis
2026-06-18 00:49:45 [INF] RoslynBridge.Extractors.CfgExtractor — CFG completado: 4/4 métodos exitosos, 0 fallidos
2026-06-18 00:49:45 [INF] RoslynBridge.Extractors.DfgExtractor — Iniciando enriquecimiento del DFG con Roslyn DataFlowAnalysis
2026-06-18 00:49:45 [INF] RoslynBridge.Extractors.DfgExtractor — DFG enriquecido: 15 asignaciones, 2 flujos de parámetro, 11 flujos de retorno
2026-06-18 00:49:45 [INF] RoslynBridge.Serializers.AstJsonSerializer — JSON serializado: 68.9 KB en 34 ms
2026-06-18 00:49:45 [INF] Program — Análisis completado: 40 nodos semánticos, 2 clases, 4 métodos con CFG, comprimido: false
2026-06-18 00:49:45 [INF] Microsoft.AspNetCore.Routing.EndpointMiddleware — Executed endpoint 'HTTP: POST /analyze'
2026-06-18 00:49:45 [INF] Serilog.AspNetCore.RequestLoggingMiddleware — HTTP POST /analyze → 200 en 1763ms
2026-06-18 00:49:45 [INF] Microsoft.AspNetCore.Hosting.Diagnostics — Request finished HTTP/1.1 POST http://192.168.100.54:5100/analyze - 200 null application/json; charset=utf-8 1765.4649ms
2026-06-18 00:50:12 [INF]  — Roslyn Bridge escuchando en: http://0.0.0.0:5100
2026-06-18 00:50:12 [INF]  — Swagger UI: http://localhost:5100/swagger (solo en Development)
2026-06-18 00:50:12 [INF] Microsoft.Hosting.Lifetime — Now listening on: http://0.0.0.0:5100
2026-06-18 00:50:12 [INF] Microsoft.Hosting.Lifetime — Application started. Press Ctrl+C to shut down.
2026-06-18 00:50:12 [INF] Microsoft.Hosting.Lifetime — Hosting environment: Production
2026-06-18 00:50:12 [INF] Microsoft.Hosting.Lifetime — Content root path: C:\Users\IsmaelMToalaC\Downloads\SAST-ROBUSTOV2\id-sast-csharp\roslyn_bridge\bin\Release\net8.0\win-x64
2026-06-18 00:50:13 [INF] Microsoft.AspNetCore.Hosting.Diagnostics — Request starting HTTP/1.1 GET http://192.168.100.54:5100/health - null null
2026-06-18 00:50:13 [INF] Microsoft.AspNetCore.Routing.EndpointMiddleware — Executing endpoint 'Health checks'
2026-06-18 00:50:13 [INF] Microsoft.AspNetCore.Routing.EndpointMiddleware — Executed endpoint 'Health checks'
2026-06-18 00:50:13 [INF] Serilog.AspNetCore.RequestLoggingMiddleware — HTTP GET /health → 200 en 38ms
2026-06-18 00:50:13 [INF] Microsoft.AspNetCore.Hosting.Diagnostics — Request finished HTTP/1.1 GET http://192.168.100.54:5100/health - 200 null application/json; charset=utf-8 149.0689ms
2026-06-18 00:50:13 [INF] Microsoft.AspNetCore.Hosting.Diagnostics — Request starting HTTP/1.1 POST http://192.168.100.54:5100/analyze - application/json 279
2026-06-18 00:50:13 [INF] Microsoft.AspNetCore.Routing.EndpointMiddleware — Executing endpoint 'HTTP: POST /analyze'
2026-06-18 00:50:13 [INF] Program — Análisis iniciado: 2 archivo(s), timeout: 300s
2026-06-18 00:50:13 [INF] RoslynBridge.Extractors.SemanticExtractor — Iniciando extracción semántica de 2 archivo(s)
2026-06-18 00:50:14 [INF] RoslynBridge.Extractors.SemanticExtractor — Framework detectado: aspnetcore
2026-06-18 00:50:14 [INF] RoslynBridge.Extractors.SemanticExtractor — Compilation Tree: C:\Users\IsmaelMToalaC\Downloads\SAST-ROBUSTOV2\id-sast-csharp\tests\samples\demo\FixedDemoController.cs
2026-06-18 00:50:14 [INF] RoslynBridge.Extractors.SemanticExtractor — Compilation Tree: C:\Users\IsmaelMToalaC\Downloads\SAST-ROBUSTOV2\id-sast-csharp\tests\samples\demo\VulnerableDemoController.cs
2026-06-18 00:50:14 [INF] RoslynBridge.Extractors.SemanticExtractor — Current Tree: C:\Users\IsmaelMToalaC\Downloads\SAST-ROBUSTOV2\id-sast-csharp\tests\samples\demo\FixedDemoController.cs
2026-06-18 00:50:15 [INF] RoslynBridge.Extractors.SemanticExtractor — Compilation Tree: C:\Users\IsmaelMToalaC\Downloads\SAST-ROBUSTOV2\id-sast-csharp\tests\samples\demo\FixedDemoController.cs
2026-06-18 00:50:15 [INF] RoslynBridge.Extractors.SemanticExtractor — Compilation Tree: C:\Users\IsmaelMToalaC\Downloads\SAST-ROBUSTOV2\id-sast-csharp\tests\samples\demo\VulnerableDemoController.cs
2026-06-18 00:50:15 [INF] RoslynBridge.Extractors.SemanticExtractor — Current Tree: C:\Users\IsmaelMToalaC\Downloads\SAST-ROBUSTOV2\id-sast-csharp\tests\samples\demo\VulnerableDemoController.cs
2026-06-18 00:50:15 [INF] RoslynBridge.Extractors.SemanticExtractor — Extracción completada en 1.64s — 40 nodos, 2 clases
2026-06-18 00:50:15 [INF] RoslynBridge.Extractors.CfgExtractor — Extrayendo CFG de 2 árbol(es) de sintaxis
2026-06-18 00:50:15 [INF] RoslynBridge.Extractors.CfgExtractor — CFG completado: 4/4 métodos exitosos, 0 fallidos
2026-06-18 00:50:15 [INF] RoslynBridge.Extractors.DfgExtractor — Iniciando enriquecimiento del DFG con Roslyn DataFlowAnalysis
2026-06-18 00:50:15 [INF] RoslynBridge.Extractors.DfgExtractor — DFG enriquecido: 15 asignaciones, 2 flujos de parámetro, 11 flujos de retorno
2026-06-18 00:50:15 [INF] RoslynBridge.Serializers.AstJsonSerializer — JSON serializado: 68.9 KB en 36 ms
2026-06-18 00:50:15 [INF] Program — Análisis completado: 40 nodos semánticos, 2 clases, 4 métodos con CFG, comprimido: false
2026-06-18 00:50:15 [INF] Microsoft.AspNetCore.Routing.EndpointMiddleware — Executed endpoint 'HTTP: POST /analyze'
2026-06-18 00:50:15 [INF] Serilog.AspNetCore.RequestLoggingMiddleware — HTTP POST /analyze → 200 en 1899ms
2026-06-18 00:50:15 [INF] Microsoft.AspNetCore.Hosting.Diagnostics — Request finished HTTP/1.1 POST http://192.168.100.54:5100/analyze - 200 null application/json; charset=utf-8 1901.5303ms
